<?xml version="1.0" encoding="UTF-8"?>
<!-- Generated by org.testng.reporters.JUnitReportReporter -->
<testsuite hostname="DESKTOP-55A5K9P" failures="0" tests="1" name="com.qa.tests.DemoTest" time="0.015" errors="0" timestamp="2022-07-03T16:54:26 IST" skipped="0">
  <testcase classname="com.qa.tests.DemoTest" name="sum" time="0.015"/>
  <system-out/>
</testsuite> <!-- com.qa.tests.DemoTest -->
